<?xml version="1.0" encoding="UTF-8"?>
<Site BuildName="Win32-MSBuild"
	BuildStamp="20230608-2142-Experimental"
	Name="Gaming-Desktop"
	Generator="ctest-3.26.0-msvc3"
	CompilerName="C:/Program Files (x86)/Microsoft Visual Studio/2022/BuildTools/VC/Tools/Llvm/bin/clang-cl.exe"
	CompilerVersion="15.0.1"
	OSName="Windows"
	Hostname="Gaming-Desktop"
	OSRelease=" Personal"
	OSVersion=" (Build 19045)"
	OSPlatform="x86"
	Is64Bits="1"
	VendorString="GenuineIntel"
	VendorID="Intel Corporation"
	FamilyID="6"
	ModelID="14"
	ProcessorCacheSize="-1"
	NumberOfLogicalCPU="6"
	NumberOfPhysicalCPU="6"
	TotalVirtualMemory="37574"
	TotalPhysicalMemory="32710"
	LogicalProcessorsPerPhysical="1"
	ProcessorClockFrequency="2904"
	>
	<Testing>
		<StartDateTime>Jun 08 14:53 Pacific Daylight Time</StartDateTime>
		<StartTestTime>1686261225</StartTestTime>
		<TestList/>
		<EndDateTime>Jun 08 14:53 Pacific Daylight Time</EndDateTime>
		<EndTestTime>1686261225</EndTestTime>
		<ElapsedMinutes>0</ElapsedMinutes>
	</Testing>
</Site>
